<?xml version="1.0" encoding="UTF-8"?>
<testsuite xmlns:xsi="http://www.w3.org/2001/XMLSchema-instance" xsi:noNamespaceSchemaLocation="https://maven.apache.org/surefire/maven-surefire-plugin/xsd/surefire-test-report-3.0.xsd" version="3.0" name="TestSuite" time="0.882" tests="3" errors="0" skipped="0" failures="0">
  <properties>
[...]
</properties>
  <testcase name="TestOUDPDevFinalName" classname="com.oudp.platform.test_oudpDev" time="0.007">
    <system-out><![CDATA[Concating FirstName and LastName to generate FullName
]]></system-out>
  </testcase>
  <testcase name="TestOUDPDevFirstName" classname="com.oudp.platform.test_oudpDev" time="0">
    <system-out><![CDATA[Checking FirstName is empty Or Not !!!!
]]></system-out>
  </testcase>
  <testcase name="TestOUDPDevLastName" classname="com.oudp.platform.test_oudpDev" time="0">
    <system-out><![CDATA[Checking LastName more than 5 Char's
]]></system-out>
  </testcase>
</testsuite>